<?xml version="1.0" encoding="UTF-8"?>
<!-- Generated by org.testng.reporters.JUnitReportReporter -->
<testsuite hostname="SundarrajR" failures="0" tests="2" name="com.ecom.tests.LoginPageTest" time="10.795" errors="0" timestamp="2024-05-05T14:18:03 IST" skipped="0">
  <testcase classname="com.ecom.tests.LoginPageTest" name="testOne" time="4.438"/>
  <testcase classname="com.ecom.tests.LoginPageTest" name="testTwo" time="6.357"/>
</testsuite> <!-- com.ecom.tests.LoginPageTest -->
