<?xml version="1.0" encoding="UTF-8"?>
<!-- Generated by org.testng.reporters.JUnitReportReporter -->
<testsuite hostname="SundarrajR" failures="0" tests="1" name="com.ecom.tests.LoginPageTests" time="14.363" errors="0" timestamp="2024-05-06T19:50:29 IST" skipped="0">
  <testcase classname="com.ecom.tests.LoginPageTests" name="testOne" time="14.363"/>
</testsuite> <!-- com.ecom.tests.LoginPageTests -->
