<?xml version="1.0" encoding="UTF-8"?>
<!-- Generated by org.testng.reporters.JUnitReportReporter -->
<testsuite hostname="SundarrajR" failures="0" tests="1" name="com.ecom.tests.HomePageTests" time="4.290" errors="0" timestamp="2024-05-05T15:55:12 IST" skipped="0">
  <testcase classname="com.ecom.tests.HomePageTests" name="testThree" time="4.290"/>
</testsuite> <!-- com.ecom.tests.HomePageTests -->
