<?xml version="1.0" encoding="UTF-8"?>
<!-- Generated by org.testng.reporters.JUnitReportReporter -->
<testsuite hostname="SundarrajR" failures="0" tests="1" name="com.ecom.tests.HomePageTests" time="6.601" errors="0" timestamp="2024-05-06T21:22:37 IST" skipped="0">
  <testcase classname="com.ecom.tests.HomePageTests" name="testTwo" time="6.601"/>
</testsuite> <!-- com.ecom.tests.HomePageTests -->
